<?xml version="1.0" encoding="UTF-8"?>
<testng-results total="1" passed="1" failed="0" skipped="0">
  <reporter-output>
  </reporter-output>
  <suite started-at="2023-01-27T08:23:05Z" name="Default suite" finished-at="2023-01-27T08:23:47Z" duration-ms="42027">
    <groups>
    </groups>
    <test started-at="2023-01-27T08:23:05Z" name="Default test" finished-at="2023-01-27T08:23:47Z" duration-ms="42027">
      <class name="Tests.AmazonTest">
        <test-method is-config="true" signature="setUp()[pri:0, instance:Tests.AmazonTest@19e7a160]" started-at="2023-01-27T13:53:05Z" name="setUp" finished-at="2023-01-27T13:53:16Z" duration-ms="10598" status="PASS">
          <reporter-output>
          </reporter-output>
        </test-method> <!-- setUp -->
        <test-method signature="purchaseItemFromAmazon()[pri:0, instance:Tests.AmazonTest@19e7a160]" started-at="2023-01-27T13:53:16Z" name="purchaseItemFromAmazon" finished-at="2023-01-27T13:53:46Z" duration-ms="30426" status="PASS">
          <reporter-output>
          </reporter-output>
        </test-method> <!-- purchaseItemFromAmazon -->
        <test-method is-config="true" signature="closeBrowser()[pri:0, instance:Tests.AmazonTest@19e7a160]" started-at="2023-01-27T13:53:46Z" name="closeBrowser" finished-at="2023-01-27T13:53:47Z" duration-ms="979" status="PASS">
          <reporter-output>
          </reporter-output>
        </test-method> <!-- closeBrowser -->
      </class> <!-- Tests.AmazonTest -->
    </test> <!-- Default test -->
  </suite> <!-- Default suite -->
</testng-results>
